<?xml version="1.0" encoding="UTF-8"?>
<testsuite xmlns:xsi="http://www.w3.org/2001/XMLSchema-instance" xsi:noNamespaceSchemaLocation="https://maven.apache.org/surefire/maven-surefire-plugin/xsd/surefire-test-report-3.0.xsd" version="3.0" name="ContactsManagerTestCase" time="0.026" tests="11" errors="0" skipped="0" failures="0">
  <properties>
[...]
</properties>
  <testcase name="testGetContactsWithEmptyLabels" classname="ContactsManagerTestCase" time="0.01"/>
  <testcase name="testGetContactsWithDifferentLabels" classname="ContactsManagerTestCase" time="0.002"/>
  <testcase name="testTryRemoveNonexistentContact" classname="ContactsManagerTestCase" time="0.001"/>
  <testcase name="testDontRemoveUnlessIsSameContact" classname="ContactsManagerTestCase" time="0.001"/>
  <testcase name="testGetContactsWithLabels" classname="ContactsManagerTestCase" time="0.0"/>
  <testcase name="testSearchContactsInSameLabels" classname="ContactsManagerTestCase" time="0.0"/>
  <testcase name="testRemoveContact" classname="ContactsManagerTestCase" time="0.001"/>
  <testcase name="testSearchContactsInDifferentLabels" classname="ContactsManagerTestCase" time="0.001"/>
  <testcase name="testSearchContacts" classname="ContactsManagerTestCase" time="0.0"/>
  <testcase name="testDontAllowDuplicatedContacts" classname="ContactsManagerTestCase" time="0.001"/>
  <testcase name="testAddContact" classname="ContactsManagerTestCase" time="0.0"/>
</testsuite>